<?xml version="1.0" encoding="UTF-8" standalone="no"?><testsuite errors="0" failures="1" name="Find aout U de A official site" skipped="0" tests="1" time="11.01" timestamp="2025-11-12 10:06:55"><testcase name="Search de U de A official page"><failure message="Expected condition failed: waiting for By.xpath: //*[@id='_I0QVabmDMI2YwbkPu7WAuQ4_122'] to be present (tried for 5 second(s) with 100 milliseconds interval)&#10;Build info: version: '4.16.1', revision: '9b4c83354e'&#10;System info: os.name: 'Windows 11', os.arch: 'amd64', os.version: '10.0', java.version: '22.0.2'&#10;Driver info: driver.version: unknown" type="net.thucydides.core.webdriver.exceptions.ElementShouldBePresentException">Expected condition failed: waiting for By.xpath: //*[@id='_I0QVabmDMI2YwbkPu7WAuQ4_122'] to be present (tried for 5 second(s) with 100 milliseconds interval)
Build info: version: '4.16.1', revision: '9b4c83354e'
System info: os.name: 'Windows 11', os.arch: 'amd64', os.version: '10.0', java.version: '22.0.2'
Driver info: driver.version: unknown</failure><system-err>Expected condition failed: waiting for By.xpath: //*[@id='_I0QVabmDMI2YwbkPu7WAuQ4_122'] to be present (tried for 5 second(s) with 100 milliseconds interval)
Build info: version: '4.16.1', revision: '9b4c83354e'
System info: os.name: 'Windows 11', os.arch: 'amd64', os.version: '10.0', java.version: '22.0.2'
Driver info: driver.version: unknown&#13;
co.edu.udea.certificacion.telconova.interactions.EnterThe.performAs(EnterThe.java:18)&#13;
co.edu.udea.certificacion.telconova.tasks.FindThe.performAs(FindThe.java:14)&#13;
co.edu.udea.certificacion.telconova.stepdefinitions.FindAotStepDefinition.iTypeAWordsOnGoogleSearch(FindAotStepDefinition.java:44)&#13;
worker.org.gradle.process.internal.worker.GradleWorkerMain.run(GradleWorkerMain.java:69)&#13;
worker.org.gradle.process.internal.worker.GradleWorkerMain.main(GradleWorkerMain.java:74)&#13;
</system-err></testcase></testsuite>